make[1]: Entering directory '/home/legion/Desktop/Mini-C-Language-Preprocessor/checker/multi'

                       = Testing - SO Preprocessor =

'checkpatch.pl' tool not found on your system. Skipping source check...
Please download 'checkpatch.pl' from 'https://raw.githubusercontent.com/torvalds/linux/master/scripts/checkpatch.pl' and install it in your $PATH.

00) Sources check...........................................failed  [ 0/95]
Allocation error on line 120!
01) Test bad input..........................................passed  [01/95]

Allocation error on line 120!
02) Test bad parameters.....................................passed  [01/95]

Allocation error on line 120!
03) Test multiple files.....................................passed  [01/95]

_test/outputs/test4.out vs _test/outputs/test4.ref:
--- _test/outputs/test4.out	2020-03-08 07:18:04.266858854 +0200
+++ _test/outputs/test4.ref	2020-03-08 07:18:04.266858854 +0200
@@ -0,0 +1 @@
+file passed through standard input
04) Test stdin file.........................................failed  [ 0/95]
04) Test stdin file - memcheck..............................failed  [ 0/95]

_test/outputs/test5.out vs _test/outputs/test5.ref:
--- _test/outputs/test5.out	2020-03-08 07:18:04.298859024 +0200
+++ _test/outputs/test5.ref	2020-03-08 07:18:04.294859003 +0200
@@ -0,0 +1 @@
+file passed through parameter
05) Test simple file........................................failed  [ 0/95]
05) Test simple file - memcheck.............................failed  [ 0/95]

_test/outputs/test6.out vs _test/outputs/test6.ref:
06) Test simple out file....................................failed  [ 0/95]
06) Test simple out file - memcheck.........................failed  [ 0/95]

_test/outputs/test7.out vs _test/outputs/test7.ref:
--- _test/outputs/test7.out	2020-03-08 07:18:04.370859406 +0200
+++ _test/outputs/test7.ref	2020-03-08 07:18:04.366859384 +0200
@@ -0,0 +1,5 @@
+int main() {
+    int y = 1 + 1;
+    printf("%d\n", 1);
+    return 0;
+}
07) Test simple define......................................failed  [ 0/95]
07) Test simple define - memcheck...........................failed  [ 0/95]

_test/outputs/test8.out vs _test/outputs/test8.ref:
--- _test/outputs/test8.out	2020-03-08 07:18:04.426859702 +0200
+++ _test/outputs/test8.ref	2020-03-08 07:18:04.410859618 +0200
@@ -0,0 +1,5 @@
+int main() {
+    int y = 1 + 1;
+    printf("%d\n", 1);
+    return 0;
+}
08) Test param define.......................................failed  [ 0/95]
08) Test param define - memcheck............................failed  [ 0/95]

_test/outputs/test9.out vs _test/outputs/test9.ref:
--- _test/outputs/test9.out	2020-03-08 07:18:04.454859852 +0200
+++ _test/outputs/test9.ref	2020-03-08 07:18:04.454859852 +0200
@@ -0,0 +1,6 @@
+int main() {
+    int y = 1 + 1;
+    printf("%d\n", 1);
+    printf("%d\n", VAR0);
+    return 0;
+}
09) Test simple define/undef................................failed  [ 0/95]
09) Test simple define/undef - memcheck.....................failed  [ 0/95]

_test/outputs/test10.out vs _test/outputs/test10.ref:
--- _test/outputs/test10.out	2020-03-08 07:18:04.490860043 +0200
+++ _test/outputs/test10.ref	2020-03-08 07:18:04.482860000 +0200
@@ -0,0 +1,6 @@
+int main() {
+    printf("%s\n", "10");
+    int x = 20 + 4 + 20;
+    printf("%x\n", x);
+    return 0;
+}
10) Test multiple defines...................................failed  [ 0/95]
10) Test multiple defines - memcheck........................failed  [ 0/95]

_test/outputs/test11.out vs _test/outputs/test11.ref:
--- _test/outputs/test11.out	2020-03-08 07:18:04.534860275 +0200
+++ _test/outputs/test11.ref	2020-03-08 07:18:04.530860254 +0200
@@ -0,0 +1,5 @@
+int main() {
+    printf("%d\n", 10);
+    int x = 10 + 15 + 20;
+    return 0;
+}
11) Test nested defines.....................................failed  [ 0/95]
11) Test nested defines - memcheck..........................failed  [ 0/95]

_test/outputs/test12.out vs _test/outputs/test12.ref:
--- _test/outputs/test12.out	2020-03-08 07:18:04.558860403 +0200
+++ _test/outputs/test12.ref	2020-03-08 07:18:04.554860381 +0200
@@ -0,0 +1,5 @@
+int main() {
+    int y = 1 + 2 + 3 + 4 + 1;
+    printf("%d\n", 1 + 2 + 3 + 4);
+    return 0;
+}
12) Test multi-lines defines................................failed  [ 0/95]
12) Test multi-lines defines - memcheck.....................failed  [ 0/95]

_test/outputs/test13.out vs _test/outputs/test13.ref:
--- _test/outputs/test13.out	2020-03-08 07:18:04.602860635 +0200
+++ _test/outputs/test13.ref	2020-03-08 07:18:04.594860594 +0200
@@ -0,0 +1,4 @@
+int main() {
+ printf("Yes!\n");
+ return 0;
+}
13) Test simple if true.....................................failed  [ 0/95]
13) Test simple if true - memcheck..........................failed  [ 0/95]

_test/outputs/test14.out vs _test/outputs/test14.ref:
--- _test/outputs/test14.out	2020-03-08 07:18:04.638860826 +0200
+++ _test/outputs/test14.ref	2020-03-08 07:18:04.634860805 +0200
@@ -0,0 +1,3 @@
+int main() {
+ return 0;
+}
14) Test simple if false....................................failed  [ 0/95]
14) Test simple if false - memcheck.........................failed  [ 0/95]

_test/outputs/test15.out vs _test/outputs/test15.ref:
--- _test/outputs/test15.out	2020-03-08 07:18:04.678861038 +0200
+++ _test/outputs/test15.ref	2020-03-08 07:18:04.670860996 +0200
@@ -0,0 +1,4 @@
+int main() {
+ printf("Yes!\n");
+ return 0;
+}
15) Test define if true.....................................failed  [ 0/95]
15) Test define if true - memcheck..........................failed  [ 0/95]

_test/outputs/test16.out vs _test/outputs/test16.ref:
--- _test/outputs/test16.out	2020-03-08 07:18:04.706861187 +0200
+++ _test/outputs/test16.ref	2020-03-08 07:18:04.706861187 +0200
@@ -0,0 +1,3 @@
+int main() {
+ return 0
+}
16) Test define if false....................................failed  [ 0/95]
16) Test define if false - memcheck.........................failed  [ 0/95]

_test/outputs/test17.out vs _test/outputs/test17.ref:
--- _test/outputs/test17.out	2020-03-08 07:18:04.734861335 +0200
+++ _test/outputs/test17.ref	2020-03-08 07:18:04.730861314 +0200
@@ -0,0 +1,4 @@
+int main() {
+ printf("True!\n");
+ return 0;
+}
17) Test simple if-else true................................failed  [ 0/95]
17) Test simple if-else true - memcheck.....................failed  [ 0/95]

_test/outputs/test18.out vs _test/outputs/test18.ref:
--- _test/outputs/test18.out	2020-03-08 07:18:04.762861484 +0200
+++ _test/outputs/test18.ref	2020-03-08 07:18:04.762861484 +0200
@@ -0,0 +1,4 @@
+int main() {
+ printf("False!\n");
+ return 0;
+}
18) Test simple if-else false...............................failed  [ 0/95]
18) Test simple if-else false - memcheck....................failed  [ 0/95]

_test/outputs/test19.out vs _test/outputs/test19.ref:
--- _test/outputs/test19.out	2020-03-08 07:18:04.790861632 +0200
+++ _test/outputs/test19.ref	2020-03-08 07:18:04.790861632 +0200
@@ -0,0 +1,4 @@
+int main() {
+ printf("True!\n");
+ return 0;
+}
19) Test define if-else true................................failed  [ 0/95]
19) Test define if-else true - memcheck.....................failed  [ 0/95]

_test/outputs/test20.out vs _test/outputs/test20.ref:
--- _test/outputs/test20.out	2020-03-08 07:18:04.818861780 +0200
+++ _test/outputs/test20.ref	2020-03-08 07:18:04.818861780 +0200
@@ -0,0 +1,4 @@
+int main() {
+ printf("False!\n");
+ return 0;
+}
20) Test define param if-else false.........................failed  [ 0/95]
20) Test define param if-else false - memcheck..............failed  [ 0/95]

_test/outputs/test21.out vs _test/outputs/test21.ref:
--- _test/outputs/test21.out	2020-03-08 07:18:04.842861908 +0200
+++ _test/outputs/test21.ref	2020-03-08 07:18:04.842861908 +0200
@@ -0,0 +1,3 @@
+int main() {
+ return 0;
+}
21) Test simple elif false..................................failed  [ 0/95]
21) Test simple elif false - memcheck.......................failed  [ 0/95]

_test/outputs/test22.out vs _test/outputs/test22.ref:
--- _test/outputs/test22.out	2020-03-08 07:18:04.866862035 +0200
+++ _test/outputs/test22.ref	2020-03-08 07:18:04.866862035 +0200
@@ -0,0 +1,4 @@
+int main() {
+ printf("True!\n");
+ return 0;
+}
22) Test simple elif true...................................failed  [ 0/95]
22) Test simple elif true - memcheck........................failed  [ 0/95]

_test/outputs/test23.out vs _test/outputs/test23.ref:
--- _test/outputs/test23.out	2020-03-08 07:18:04.890862162 +0200
+++ _test/outputs/test23.ref	2020-03-08 07:18:04.890862162 +0200
@@ -0,0 +1,4 @@
+int main() {
+ printf("True!\n");
+ return 0;
+}
23) Test simple elif-else true..............................failed  [ 0/95]
23) Test simple elif-else true - memcheck...................failed  [ 0/95]

_test/outputs/test24.out vs _test/outputs/test24.ref:
--- _test/outputs/test24.out	2020-03-08 07:18:04.918862312 +0200
+++ _test/outputs/test24.ref	2020-03-08 07:18:04.914862290 +0200
@@ -0,0 +1,4 @@
+int main() {
+ printf("Good!\n");
+ return 0;
+}
24) Test simple elif-else false.............................failed  [ 0/95]
24) Test simple elif-else false - memcheck..................failed  [ 0/95]

_test/outputs/test25.out vs _test/outputs/test25.ref:
--- _test/outputs/test25.out	2020-03-08 07:18:04.946862459 +0200
+++ _test/outputs/test25.ref	2020-03-08 07:18:04.934862396 +0200
@@ -0,0 +1,7 @@
+int main() {
+    printf("ABC\n");
+    printf("#defines working in #ifs\n");
+    int y = 1 + 1;
+    printf("%d\n", 1);
+    return 0;
+}
25) Test complex if-elif-else...............................failed  [ 0/95]
25) Test complex if-elif-else - memcheck....................failed  [ 0/95]

_test/outputs/test26.out vs _test/outputs/test26.ref:
--- _test/outputs/test26.out	2020-03-08 07:18:04.974862608 +0200
+++ _test/outputs/test26.ref	2020-03-08 07:18:04.974862608 +0200
@@ -0,0 +1,4 @@
+int main()
+{
+ return 0;
+}
26) Test simple ifdef false.................................failed  [ 0/95]
26) Test simple ifdef false - memcheck......................failed  [ 0/95]

_test/outputs/test27.out vs _test/outputs/test27.ref:
--- _test/outputs/test27.out	2020-03-08 07:18:05.022862862 +0200
+++ _test/outputs/test27.ref	2020-03-08 07:18:05.014862820 +0200
@@ -0,0 +1,5 @@
+int main()
+{
+ printf("DEBUG\n");
+ return 0;
+}
27) Test simple ifdef true..................................failed  [ 0/95]
27) Test simple ifdef true - memcheck.......................failed  [ 0/95]

_test/outputs/test28.out vs _test/outputs/test28.ref:
--- _test/outputs/test28.out	2020-03-08 07:18:05.054863032 +0200
+++ _test/outputs/test28.ref	2020-03-08 07:18:05.054863032 +0200
@@ -0,0 +1,5 @@
+int main()
+{
+ printf("VAR0 = %d\n", 1);
+ return 0;
+}
28) Test simple ifndef......................................failed  [ 0/95]
28) Test simple ifndef - memcheck...........................failed  [ 0/95]

_test/outputs/test29.out vs _test/outputs/test29.ref:
--- _test/outputs/test29.out	2020-03-08 07:18:05.094863244 +0200
+++ _test/outputs/test29.ref	2020-03-08 07:18:05.090863223 +0200
@@ -0,0 +1,5 @@
+int main()
+{
+ printf("VAR0 = %d\n", VAR0);
+ return 0;
+}
29) Test simple ifndef undef................................failed  [ 0/95]
29) Test simple ifndef undef - memcheck.....................failed  [ 0/95]

Allocation error on line 120!
30) Test bad include........................................passed  [01/95]

_test/outputs/test31.out vs _test/outputs/test31.ref:
--- _test/outputs/test31.out	2020-03-08 07:18:05.130863435 +0200
+++ _test/outputs/test31.ref	2020-03-08 07:18:05.130863435 +0200
@@ -0,0 +1,5 @@
+int main()
+{
+ printf("%d\n", 0 + 1);
+ return 0;
+}
31) Test double define params...............................failed  [ 0/95]
31) Test double define params - memcheck....................failed  [ 0/95]

_test/outputs/test32.out vs _test/outputs/test32.ref:
--- _test/outputs/test32.out	2020-03-08 07:18:05.158863583 +0200
+++ _test/outputs/test32.ref	2020-03-08 07:18:05.154863562 +0200
@@ -0,0 +1,6 @@
+int var;
+int main()
+{
+ printf("var = %d\n", var);
+ return 0;
+}
32) Test simple include.....................................failed  [ 0/95]
32) Test simple include - memcheck..........................failed  [ 0/95]

_test/outputs/test33.out vs _test/outputs/test33.ref:
--- _test/outputs/test33.out	2020-03-08 07:18:05.190863753 +0200
+++ _test/outputs/test33.ref	2020-03-08 07:18:05.186863731 +0200
@@ -0,0 +1,6 @@
+int var;
+int main()
+{
+ printf("var = %d\n", var);
+ return 0;
+}
33) Test include directory..................................failed  [ 0/95]
33) Test include directory - memcheck.......................failed  [ 0/95]

_test/outputs/test34.out vs _test/outputs/test34.ref:
--- _test/outputs/test34.out	2020-03-08 07:18:05.238864008 +0200
+++ _test/outputs/test34.ref	2020-03-08 07:18:05.230863965 +0200
@@ -0,0 +1,6 @@
+int var;
+int main()
+{
+ printf("var = %d\n", var);
+ return 0;
+}
34) Test include param......................................failed  [ 0/95]
34) Test include param - memcheck...........................failed  [ 0/95]

_test/outputs/test35.out vs _test/outputs/test35.ref:
--- _test/outputs/test35.out	2020-03-08 07:18:05.270864177 +0200
+++ _test/outputs/test35.ref	2020-03-08 07:18:05.270864177 +0200
@@ -0,0 +1,5 @@
+int main()
+{
+ printf("VAR = %d\n", 0);
+ return 0;
+}
35) Test include order......................................failed  [ 0/95]
35) Test include order - memcheck...........................failed  [ 0/95]

_test/outputs/test36.out vs _test/outputs/test36.ref:
--- _test/outputs/test36.out	2020-03-08 07:18:05.302864346 +0200
+++ _test/outputs/test36.ref	2020-03-08 07:18:05.298864325 +0200
@@ -0,0 +1,5 @@
+int main()
+{
+ printf("VAR = %d\n", 1);
+ return 0;
+}
36) Test include order no main..............................failed  [ 0/95]
36) Test include order no main - memcheck...................failed  [ 0/95]

_test/outputs/test37.out vs _test/outputs/test37.ref:
--- _test/outputs/test37.out	2020-03-08 07:18:05.334864516 +0200
+++ _test/outputs/test37.ref	2020-03-08 07:18:05.330864495 +0200
@@ -0,0 +1,6 @@
+int var;
+int main()
+{
+ printf("var = %d\n", var);
+ return 0;
+}
37) Test include guard......................................failed  [ 0/95]
37) Test include guard - memcheck...........................failed  [ 0/95]

38) Test everything.........................................failed  [ 0/95]

                                                            Total:  [04/95]

make[1]: Leaving directory '/home/legion/Desktop/Mini-C-Language-Preprocessor/checker/multi'
